2020-04-06 11:06:58.608  INFO 48196 --- [restartedMain] com.kakao.assignment.YoungkiApplication  : Starting YoungkiApplication on youngkiui-MacBookAir.local with PID 48196 (/Users/youngkibae/eclipse-workspace/youngki/target/classes started by youngkibae in /Users/youngkibae/eclipse-workspace/youngki)
2020-04-06 11:06:58.613  INFO 48196 --- [restartedMain] com.kakao.assignment.YoungkiApplication  : No active profile set, falling back to default profiles: default
2020-04-06 11:06:58.664  INFO 48196 --- [restartedMain] .e.DevToolsPropertyDefaultsPostProcessor : Devtools property defaults active! Set 'spring.devtools.add-properties' to 'false' to disable
2020-04-06 11:06:58.664  INFO 48196 --- [restartedMain] .e.DevToolsPropertyDefaultsPostProcessor : For additional web related logging consider setting the 'logging.level.web' property to 'DEBUG'
2020-04-06 11:06:59.700  WARN 48196 --- [restartedMain] o.m.s.mapper.ClassPathMapperScanner      : No MyBatis mapper was found in '[com.kakao.assignment]' package. Please check your configuration.
2020-04-06 11:07:00.163  INFO 48196 --- [restartedMain] o.s.b.w.embedded.tomcat.TomcatWebServer  : Tomcat initialized with port(s): 8000 (http)
2020-04-06 11:07:00.173  INFO 48196 --- [restartedMain] o.apache.catalina.core.StandardService   : Starting service [Tomcat]
2020-04-06 11:07:00.174  INFO 48196 --- [restartedMain] org.apache.catalina.core.StandardEngine  : Starting Servlet engine: [Apache Tomcat/9.0.33]
2020-04-06 11:07:00.509  INFO 48196 --- [restartedMain] org.apache.jasper.servlet.TldScanner     : At least one JAR was scanned for TLDs yet contained no TLDs. Enable debug logging for this logger for a complete list of JARs that were scanned but no TLDs were found in them. Skipping unneeded JARs during scanning can improve startup time and JSP compilation time.
2020-04-06 11:07:00.514  INFO 48196 --- [restartedMain] o.a.c.c.C.[Tomcat].[localhost].[/]       : Initializing Spring embedded WebApplicationContext
2020-04-06 11:07:00.514  INFO 48196 --- [restartedMain] o.s.web.context.ContextLoader            : Root WebApplicationContext: initialization completed in 1850 ms
2020-04-06 11:07:01.023  INFO 48196 --- [restartedMain] o.s.s.concurrent.ThreadPoolTaskExecutor  : Initializing ExecutorService 'applicationTaskExecutor'
2020-04-06 11:07:01.215  INFO 48196 --- [restartedMain] o.s.b.a.w.s.WelcomePageHandlerMapping    : Adding welcome page template: index
2020-04-06 11:07:01.400  INFO 48196 --- [restartedMain] o.s.b.d.a.OptionalLiveReloadServer       : LiveReload server is running on port 35729
2020-04-06 11:07:01.464  INFO 48196 --- [restartedMain] o.s.b.w.embedded.tomcat.TomcatWebServer  : Tomcat started on port(s): 8000 (http) with context path ''
2020-04-06 11:07:01.468  INFO 48196 --- [restartedMain] com.kakao.assignment.YoungkiApplication  : Started YoungkiApplication in 8.34 seconds (JVM running for 14.172)
2020-04-06 11:07:38.107  INFO 48196 --- [Thread-8] o.s.s.concurrent.ThreadPoolTaskExecutor  : Shutting down ExecutorService 'applicationTaskExecutor'
2020-04-06 11:07:38.335  INFO 48196 --- [restartedMain] com.kakao.assignment.YoungkiApplication  : Starting YoungkiApplication on youngkiui-MacBookAir.local with PID 48196 (/Users/youngkibae/eclipse-workspace/youngki/target/classes started by youngkibae in /Users/youngkibae/eclipse-workspace/youngki)
2020-04-06 11:07:38.336  INFO 48196 --- [restartedMain] com.kakao.assignment.YoungkiApplication  : No active profile set, falling back to default profiles: default
2020-04-06 11:07:38.590  WARN 48196 --- [restartedMain] o.m.s.mapper.ClassPathMapperScanner      : No MyBatis mapper was found in '[com.kakao.assignment]' package. Please check your configuration.
2020-04-06 11:07:38.658  INFO 48196 --- [restartedMain] o.s.b.w.embedded.tomcat.TomcatWebServer  : Tomcat initialized with port(s): 8000 (http)
2020-04-06 11:07:38.659  INFO 48196 --- [restartedMain] o.apache.catalina.core.StandardService   : Starting service [Tomcat]
2020-04-06 11:07:38.660  INFO 48196 --- [restartedMain] org.apache.catalina.core.StandardEngine  : Starting Servlet engine: [Apache Tomcat/9.0.33]
2020-04-06 11:07:38.719  INFO 48196 --- [restartedMain] org.apache.jasper.servlet.TldScanner     : At least one JAR was scanned for TLDs yet contained no TLDs. Enable debug logging for this logger for a complete list of JARs that were scanned but no TLDs were found in them. Skipping unneeded JARs during scanning can improve startup time and JSP compilation time.
2020-04-06 11:07:38.721  INFO 48196 --- [restartedMain] o.a.c.c.C.[Tomcat].[localhost].[/]       : Initializing Spring embedded WebApplicationContext
2020-04-06 11:07:38.722  INFO 48196 --- [restartedMain] o.s.web.context.ContextLoader            : Root WebApplicationContext: initialization completed in 379 ms
2020-04-06 11:07:38.861  INFO 48196 --- [restartedMain] o.s.s.concurrent.ThreadPoolTaskExecutor  : Initializing ExecutorService 'applicationTaskExecutor'
2020-04-06 11:07:38.880  INFO 48196 --- [restartedMain] o.s.b.a.w.s.WelcomePageHandlerMapping    : Adding welcome page template: index
2020-04-06 11:07:38.950  INFO 48196 --- [restartedMain] o.s.b.d.a.OptionalLiveReloadServer       : LiveReload server is running on port 35729
2020-04-06 11:07:38.971  INFO 48196 --- [restartedMain] o.s.b.w.embedded.tomcat.TomcatWebServer  : Tomcat started on port(s): 8000 (http) with context path ''
2020-04-06 11:07:38.976  INFO 48196 --- [restartedMain] com.kakao.assignment.YoungkiApplication  : Started YoungkiApplication in 0.675 seconds (JVM running for 51.679)
2020-04-06 11:07:38.982  INFO 48196 --- [restartedMain] .ConditionEvaluationDeltaLoggingListener : Condition evaluation unchanged
2020-04-06 11:08:11.349  INFO 48196 --- [http-nio-8000-exec-1] o.a.c.c.C.[Tomcat].[localhost].[/]       : Initializing Spring DispatcherServlet 'dispatcherServlet'
2020-04-06 11:08:11.351  INFO 48196 --- [http-nio-8000-exec-1] o.s.web.servlet.DispatcherServlet        : Initializing Servlet 'dispatcherServlet'
2020-04-06 11:08:11.364  INFO 48196 --- [http-nio-8000-exec-1] o.s.web.servlet.DispatcherServlet        : Completed initialization in 12 ms
2020-04-06 11:08:21.878  INFO 48196 --- [http-nio-8000-exec-4] com.kakao.assignment.dao.KakaoDAO        : selectKakaoUser
2020-04-06 11:08:21.901  INFO 48196 --- [http-nio-8000-exec-4] com.zaxxer.hikari.HikariDataSource       : HikariPool-1 - Starting...
2020-04-06 11:08:22.089  INFO 48196 --- [http-nio-8000-exec-4] com.zaxxer.hikari.HikariDataSource       : HikariPool-1 - Start completed.
2020-04-06 11:08:22.153  INFO 48196 --- [http-nio-8000-exec-4] com.kakao.assignment.dao.KakaoDAO        : updateKakaoUser
2020-04-06 11:08:36.825  INFO 48196 --- [Thread-15] o.s.s.concurrent.ThreadPoolTaskExecutor  : Shutting down ExecutorService 'applicationTaskExecutor'
2020-04-06 11:08:36.826  INFO 48196 --- [Thread-15] com.zaxxer.hikari.HikariDataSource       : HikariPool-1 - Shutdown initiated...
2020-04-06 11:08:36.839  INFO 48196 --- [Thread-15] com.zaxxer.hikari.HikariDataSource       : HikariPool-1 - Shutdown completed.
2020-04-06 11:08:42.096  INFO 48196 --- [restartedMain] com.kakao.assignment.YoungkiApplication  : Starting YoungkiApplication on youngkiui-MacBookAir.local with PID 48196 (/Users/youngkibae/eclipse-workspace/youngki/target/classes started by youngkibae in /Users/youngkibae/eclipse-workspace/youngki)
2020-04-06 11:08:42.096  INFO 48196 --- [restartedMain] com.kakao.assignment.YoungkiApplication  : No active profile set, falling back to default profiles: default
2020-04-06 11:08:42.314  WARN 48196 --- [restartedMain] o.m.s.mapper.ClassPathMapperScanner      : No MyBatis mapper was found in '[com.kakao.assignment]' package. Please check your configuration.
2020-04-06 11:08:42.389  INFO 48196 --- [restartedMain] o.s.b.w.embedded.tomcat.TomcatWebServer  : Tomcat initialized with port(s): 8000 (http)
2020-04-06 11:08:42.392  INFO 48196 --- [restartedMain] o.apache.catalina.core.StandardService   : Starting service [Tomcat]
2020-04-06 11:08:42.392  INFO 48196 --- [restartedMain] org.apache.catalina.core.StandardEngine  : Starting Servlet engine: [Apache Tomcat/9.0.33]
2020-04-06 11:08:42.471  INFO 48196 --- [restartedMain] org.apache.jasper.servlet.TldScanner     : At least one JAR was scanned for TLDs yet contained no TLDs. Enable debug logging for this logger for a complete list of JARs that were scanned but no TLDs were found in them. Skipping unneeded JARs during scanning can improve startup time and JSP compilation time.
2020-04-06 11:08:42.477  INFO 48196 --- [restartedMain] o.a.c.c.C.[Tomcat].[localhost].[/]       : Initializing Spring embedded WebApplicationContext
2020-04-06 11:08:42.477  INFO 48196 --- [restartedMain] o.s.web.context.ContextLoader            : Root WebApplicationContext: initialization completed in 377 ms
2020-04-06 11:08:42.750  INFO 48196 --- [restartedMain] o.s.s.concurrent.ThreadPoolTaskExecutor  : Initializing ExecutorService 'applicationTaskExecutor'
2020-04-06 11:08:42.769  INFO 48196 --- [restartedMain] o.s.b.a.w.s.WelcomePageHandlerMapping    : Adding welcome page template: index
2020-04-06 11:08:42.821  INFO 48196 --- [restartedMain] o.s.b.d.a.OptionalLiveReloadServer       : LiveReload server is running on port 35729
2020-04-06 11:08:42.836  INFO 48196 --- [restartedMain] o.s.b.w.embedded.tomcat.TomcatWebServer  : Tomcat started on port(s): 8000 (http) with context path ''
2020-04-06 11:08:42.837  INFO 48196 --- [restartedMain] com.kakao.assignment.YoungkiApplication  : Started YoungkiApplication in 5.78 seconds (JVM running for 115.538)
2020-04-06 11:08:42.839  INFO 48196 --- [restartedMain] .ConditionEvaluationDeltaLoggingListener : Condition evaluation unchanged
2020-04-06 11:08:55.214  INFO 48196 --- [http-nio-8000-exec-1] o.a.c.c.C.[Tomcat].[localhost].[/]       : Initializing Spring DispatcherServlet 'dispatcherServlet'
2020-04-06 11:08:55.219  INFO 48196 --- [http-nio-8000-exec-1] o.s.web.servlet.DispatcherServlet        : Initializing Servlet 'dispatcherServlet'
2020-04-06 11:08:55.225  INFO 48196 --- [http-nio-8000-exec-1] o.s.web.servlet.DispatcherServlet        : Completed initialization in 6 ms
2020-04-06 11:08:57.260  INFO 48196 --- [http-nio-8000-exec-3] com.kakao.assignment.dao.KakaoDAO        : selectKakaoUser
2020-04-06 11:08:57.260  INFO 48196 --- [http-nio-8000-exec-3] com.zaxxer.hikari.HikariDataSource       : HikariPool-2 - Starting...
2020-04-06 11:08:57.271  INFO 48196 --- [http-nio-8000-exec-3] com.zaxxer.hikari.HikariDataSource       : HikariPool-2 - Start completed.
2020-04-06 11:08:57.279  INFO 48196 --- [http-nio-8000-exec-3] com.kakao.assignment.dao.KakaoDAO        : updateKakaoUser
2020-04-06 11:09:06.931  INFO 48196 --- [http-nio-8000-exec-7] com.kakao.assignment.dao.KakaoDAO        : selectKakaoUser
2020-04-06 11:09:06.939  INFO 48196 --- [http-nio-8000-exec-7] com.kakao.assignment.dao.KakaoDAO        : updateKakaoUser
2020-04-06 11:10:41.576  INFO 48196 --- [http-nio-8000-exec-1] com.kakao.assignment.dao.KakaoDAO        : selectKakaoUser
2020-04-06 11:10:41.584  INFO 48196 --- [http-nio-8000-exec-1] com.kakao.assignment.dao.KakaoDAO        : updateKakaoUser
2020-04-06 11:11:02.809  INFO 48196 --- [http-nio-8000-exec-6] com.kakao.assignment.dao.KakaoDAO        : selectKakaoUser
2020-04-06 11:11:02.815  INFO 48196 --- [http-nio-8000-exec-6] com.kakao.assignment.dao.KakaoDAO        : updateKakaoUser
2020-04-06 11:11:04.637  INFO 48196 --- [http-nio-8000-exec-9] com.kakao.assignment.dao.KakaoDAO        : selectKakaoUser
2020-04-06 11:11:04.641  INFO 48196 --- [http-nio-8000-exec-9] com.kakao.assignment.dao.KakaoDAO        : updateKakaoUser
2020-04-06 11:19:45.962  INFO 48196 --- [http-nio-8000-exec-8] com.kakao.assignment.dao.KakaoDAO        : selectKakaoUser
2020-04-06 11:19:45.980  INFO 48196 --- [http-nio-8000-exec-8] com.kakao.assignment.dao.KakaoDAO        : updateKakaoUser
2020-04-06 11:20:10.903  INFO 48196 --- [http-nio-8000-exec-1] com.kakao.assignment.dao.KakaoDAO        : selectKakaoUser
2020-04-06 11:20:10.915  INFO 48196 --- [http-nio-8000-exec-1] com.kakao.assignment.dao.KakaoDAO        : updateKakaoUser
2020-04-06 11:20:31.376 ERROR 48196 --- [http-nio-8000-exec-2] o.a.c.c.C.[.[.[/].[dispatcherServlet]    : Servlet.service() for servlet [dispatcherServlet] in context with path [] threw exception [Request processing failed; nested exception is java.lang.NullPointerException] with root cause

java.lang.NullPointerException: null
	at com.kakao.assignment.controller.KakaoController.login(KakaoController.java:57) ~[classes/:na]
	at sun.reflect.NativeMethodAccessorImpl.invoke0(Native Method) ~[na:1.8.0_181]
	at sun.reflect.NativeMethodAccessorImpl.invoke(NativeMethodAccessorImpl.java:62) ~[na:1.8.0_181]
	at sun.reflect.DelegatingMethodAccessorImpl.invoke(DelegatingMethodAccessorImpl.java:43) ~[na:1.8.0_181]
	at java.lang.reflect.Method.invoke(Method.java:498) ~[na:1.8.0_181]
	at org.springframework.web.method.support.InvocableHandlerMethod.doInvoke(InvocableHandlerMethod.java:190) ~[spring-web-5.2.5.RELEASE.jar:5.2.5.RELEASE]
	at org.springframework.web.method.support.InvocableHandlerMethod.invokeForRequest(InvocableHandlerMethod.java:138) ~[spring-web-5.2.5.RELEASE.jar:5.2.5.RELEASE]
	at org.springframework.web.servlet.mvc.method.annotation.ServletInvocableHandlerMethod.invokeAndHandle(ServletInvocableHandlerMethod.java:105) ~[spring-webmvc-5.2.5.RELEASE.jar:5.2.5.RELEASE]
	at org.springframework.web.servlet.mvc.method.annotation.RequestMappingHandlerAdapter.invokeHandlerMethod(RequestMappingHandlerAdapter.java:879) ~[spring-webmvc-5.2.5.RELEASE.jar:5.2.5.RELEASE]
	at org.springframework.web.servlet.mvc.method.annotation.RequestMappingHandlerAdapter.handleInternal(RequestMappingHandlerAdapter.java:793) ~[spring-webmvc-5.2.5.RELEASE.jar:5.2.5.RELEASE]
	at org.springframework.web.servlet.mvc.method.AbstractHandlerMethodAdapter.handle(AbstractHandlerMethodAdapter.java:87) ~[spring-webmvc-5.2.5.RELEASE.jar:5.2.5.RELEASE]
	at org.springframework.web.servlet.DispatcherServlet.doDispatch(DispatcherServlet.java:1040) ~[spring-webmvc-5.2.5.RELEASE.jar:5.2.5.RELEASE]
	at org.springframework.web.servlet.DispatcherServlet.doService(DispatcherServlet.java:943) ~[spring-webmvc-5.2.5.RELEASE.jar:5.2.5.RELEASE]
	at org.springframework.web.servlet.FrameworkServlet.processRequest(FrameworkServlet.java:1006) ~[spring-webmvc-5.2.5.RELEASE.jar:5.2.5.RELEASE]
	at org.springframework.web.servlet.FrameworkServlet.doGet(FrameworkServlet.java:898) ~[spring-webmvc-5.2.5.RELEASE.jar:5.2.5.RELEASE]
	at javax.servlet.http.HttpServlet.service(HttpServlet.java:634) ~[tomcat-embed-core-9.0.33.jar:9.0.33]
	at org.springframework.web.servlet.FrameworkServlet.service(FrameworkServlet.java:883) ~[spring-webmvc-5.2.5.RELEASE.jar:5.2.5.RELEASE]
	at javax.servlet.http.HttpServlet.service(HttpServlet.java:741) ~[tomcat-embed-core-9.0.33.jar:9.0.33]
	at org.apache.catalina.core.ApplicationFilterChain.internalDoFilter(ApplicationFilterChain.java:231) ~[tomcat-embed-core-9.0.33.jar:9.0.33]
	at org.apache.catalina.core.ApplicationFilterChain.doFilter(ApplicationFilterChain.java:166) ~[tomcat-embed-core-9.0.33.jar:9.0.33]
	at org.apache.tomcat.websocket.server.WsFilter.doFilter(WsFilter.java:53) ~[tomcat-embed-websocket-9.0.33.jar:9.0.33]
	at org.apache.catalina.core.ApplicationFilterChain.internalDoFilter(ApplicationFilterChain.java:193) ~[tomcat-embed-core-9.0.33.jar:9.0.33]
	at org.apache.catalina.core.ApplicationFilterChain.doFilter(ApplicationFilterChain.java:166) ~[tomcat-embed-core-9.0.33.jar:9.0.33]
	at org.springframework.web.filter.RequestContextFilter.doFilterInternal(RequestContextFilter.java:100) ~[spring-web-5.2.5.RELEASE.jar:5.2.5.RELEASE]
	at org.springframework.web.filter.OncePerRequestFilter.doFilter(OncePerRequestFilter.java:119) ~[spring-web-5.2.5.RELEASE.jar:5.2.5.RELEASE]
	at org.apache.catalina.core.ApplicationFilterChain.internalDoFilter(ApplicationFilterChain.java:193) ~[tomcat-embed-core-9.0.33.jar:9.0.33]
	at org.apache.catalina.core.ApplicationFilterChain.doFilter(ApplicationFilterChain.java:166) ~[tomcat-embed-core-9.0.33.jar:9.0.33]
	at org.springframework.web.filter.FormContentFilter.doFilterInternal(FormContentFilter.java:93) ~[spring-web-5.2.5.RELEASE.jar:5.2.5.RELEASE]
	at org.springframework.web.filter.OncePerRequestFilter.doFilter(OncePerRequestFilter.java:119) ~[spring-web-5.2.5.RELEASE.jar:5.2.5.RELEASE]
	at org.apache.catalina.core.ApplicationFilterChain.internalDoFilter(ApplicationFilterChain.java:193) ~[tomcat-embed-core-9.0.33.jar:9.0.33]
	at org.apache.catalina.core.ApplicationFilterChain.doFilter(ApplicationFilterChain.java:166) ~[tomcat-embed-core-9.0.33.jar:9.0.33]
	at org.springframework.web.filter.CharacterEncodingFilter.doFilterInternal(CharacterEncodingFilter.java:201) ~[spring-web-5.2.5.RELEASE.jar:5.2.5.RELEASE]
	at org.springframework.web.filter.OncePerRequestFilter.doFilter(OncePerRequestFilter.java:119) ~[spring-web-5.2.5.RELEASE.jar:5.2.5.RELEASE]
	at org.apache.catalina.core.ApplicationFilterChain.internalDoFilter(ApplicationFilterChain.java:193) ~[tomcat-embed-core-9.0.33.jar:9.0.33]
	at org.apache.catalina.core.ApplicationFilterChain.doFilter(ApplicationFilterChain.java:166) ~[tomcat-embed-core-9.0.33.jar:9.0.33]
	at org.apache.catalina.core.StandardWrapperValve.invoke(StandardWrapperValve.java:202) ~[tomcat-embed-core-9.0.33.jar:9.0.33]
	at org.apache.catalina.core.StandardContextValve.invoke(StandardContextValve.java:96) [tomcat-embed-core-9.0.33.jar:9.0.33]
	at org.apache.catalina.authenticator.AuthenticatorBase.invoke(AuthenticatorBase.java:541) [tomcat-embed-core-9.0.33.jar:9.0.33]
	at org.apache.catalina.core.StandardHostValve.invoke(StandardHostValve.java:139) [tomcat-embed-core-9.0.33.jar:9.0.33]
	at org.apache.catalina.valves.ErrorReportValve.invoke(ErrorReportValve.java:92) [tomcat-embed-core-9.0.33.jar:9.0.33]
	at org.apache.catalina.core.StandardEngineValve.invoke(StandardEngineValve.java:74) [tomcat-embed-core-9.0.33.jar:9.0.33]
	at org.apache.catalina.connector.CoyoteAdapter.service(CoyoteAdapter.java:343) [tomcat-embed-core-9.0.33.jar:9.0.33]
	at org.apache.coyote.http11.Http11Processor.service(Http11Processor.java:373) [tomcat-embed-core-9.0.33.jar:9.0.33]
	at org.apache.coyote.AbstractProcessorLight.process(AbstractProcessorLight.java:65) [tomcat-embed-core-9.0.33.jar:9.0.33]
	at org.apache.coyote.AbstractProtocol$ConnectionHandler.process(AbstractProtocol.java:868) [tomcat-embed-core-9.0.33.jar:9.0.33]
	at org.apache.tomcat.util.net.NioEndpoint$SocketProcessor.doRun(NioEndpoint.java:1594) [tomcat-embed-core-9.0.33.jar:9.0.33]
	at org.apache.tomcat.util.net.SocketProcessorBase.run(SocketProcessorBase.java:49) [tomcat-embed-core-9.0.33.jar:9.0.33]
	at java.util.concurrent.ThreadPoolExecutor.runWorker(ThreadPoolExecutor.java:1149) [na:1.8.0_181]
	at java.util.concurrent.ThreadPoolExecutor$Worker.run(ThreadPoolExecutor.java:624) [na:1.8.0_181]
	at org.apache.tomcat.util.threads.TaskThread$WrappingRunnable.run(TaskThread.java:61) [tomcat-embed-core-9.0.33.jar:9.0.33]
	at java.lang.Thread.run(Thread.java:748) [na:1.8.0_181]

2020-04-06 11:20:56.023  INFO 48196 --- [http-nio-8000-exec-8] com.kakao.assignment.dao.KakaoDAO        : selectKakaoUser
2020-04-06 11:20:56.035  INFO 48196 --- [http-nio-8000-exec-8] com.kakao.assignment.dao.KakaoDAO        : updateKakaoUser
2020-04-06 11:21:10.142  INFO 48196 --- [http-nio-8000-exec-1] com.kakao.assignment.dao.KakaoDAO        : selectKakaoUser
2020-04-06 11:21:10.149  INFO 48196 --- [http-nio-8000-exec-1] com.kakao.assignment.dao.KakaoDAO        : updateKakaoUser
2020-04-06 11:22:58.778  INFO 48196 --- [http-nio-8000-exec-4] com.kakao.assignment.dao.KakaoDAO        : selectKakaoUser
2020-04-06 11:22:58.794  INFO 48196 --- [http-nio-8000-exec-4] com.kakao.assignment.dao.KakaoDAO        : updateKakaoUser
2020-04-06 11:25:40.473  INFO 48196 --- [Thread-22] o.s.s.concurrent.ThreadPoolTaskExecutor  : Shutting down ExecutorService 'applicationTaskExecutor'
2020-04-06 11:25:40.478  INFO 48196 --- [Thread-22] com.zaxxer.hikari.HikariDataSource       : HikariPool-2 - Shutdown initiated...
2020-04-06 11:25:40.488  INFO 48196 --- [Thread-22] com.zaxxer.hikari.HikariDataSource       : HikariPool-2 - Shutdown completed.
2020-04-06 11:25:46.047  INFO 48196 --- [restartedMain] com.kakao.assignment.YoungkiApplication  : Starting YoungkiApplication on youngkiui-MacBookAir.local with PID 48196 (/Users/youngkibae/eclipse-workspace/youngki/target/classes started by youngkibae in /Users/youngkibae/eclipse-workspace/youngki)
2020-04-06 11:25:46.049  INFO 48196 --- [restartedMain] com.kakao.assignment.YoungkiApplication  : No active profile set, falling back to default profiles: default
2020-04-06 11:25:46.340  WARN 48196 --- [restartedMain] o.m.s.mapper.ClassPathMapperScanner      : No MyBatis mapper was found in '[com.kakao.assignment]' package. Please check your configuration.
2020-04-06 11:25:46.411  INFO 48196 --- [restartedMain] o.s.b.w.embedded.tomcat.TomcatWebServer  : Tomcat initialized with port(s): 8000 (http)
2020-04-06 11:25:46.412  INFO 48196 --- [restartedMain] o.apache.catalina.core.StandardService   : Starting service [Tomcat]
2020-04-06 11:25:46.412  INFO 48196 --- [restartedMain] org.apache.catalina.core.StandardEngine  : Starting Servlet engine: [Apache Tomcat/9.0.33]
2020-04-06 11:25:46.526  INFO 48196 --- [restartedMain] org.apache.jasper.servlet.TldScanner     : At least one JAR was scanned for TLDs yet contained no TLDs. Enable debug logging for this logger for a complete list of JARs that were scanned but no TLDs were found in them. Skipping unneeded JARs during scanning can improve startup time and JSP compilation time.
2020-04-06 11:25:46.528  INFO 48196 --- [restartedMain] o.a.c.c.C.[Tomcat].[localhost].[/]       : Initializing Spring embedded WebApplicationContext
2020-04-06 11:25:46.528  INFO 48196 --- [restartedMain] o.s.web.context.ContextLoader            : Root WebApplicationContext: initialization completed in 473 ms
2020-04-06 11:25:46.696  INFO 48196 --- [restartedMain] o.s.s.concurrent.ThreadPoolTaskExecutor  : Initializing ExecutorService 'applicationTaskExecutor'
2020-04-06 11:25:46.715  INFO 48196 --- [restartedMain] o.s.b.a.w.s.WelcomePageHandlerMapping    : Adding welcome page template: index
2020-04-06 11:25:46.790  INFO 48196 --- [restartedMain] o.s.b.d.a.OptionalLiveReloadServer       : LiveReload server is running on port 35729
2020-04-06 11:25:46.808  INFO 48196 --- [restartedMain] o.s.b.w.embedded.tomcat.TomcatWebServer  : Tomcat started on port(s): 8000 (http) with context path ''
2020-04-06 11:25:46.809  INFO 48196 --- [restartedMain] com.kakao.assignment.YoungkiApplication  : Started YoungkiApplication in 5.809 seconds (JVM running for 1139.465)
2020-04-06 11:25:46.812  INFO 48196 --- [restartedMain] .ConditionEvaluationDeltaLoggingListener : Condition evaluation unchanged
2020-04-06 11:25:50.223  INFO 48196 --- [Thread-29] o.s.s.concurrent.ThreadPoolTaskExecutor  : Shutting down ExecutorService 'applicationTaskExecutor'
2020-04-06 11:25:50.411  INFO 48196 --- [restartedMain] com.kakao.assignment.YoungkiApplication  : Starting YoungkiApplication on youngkiui-MacBookAir.local with PID 48196 (/Users/youngkibae/eclipse-workspace/youngki/target/classes started by youngkibae in /Users/youngkibae/eclipse-workspace/youngki)
2020-04-06 11:25:50.412  INFO 48196 --- [restartedMain] com.kakao.assignment.YoungkiApplication  : No active profile set, falling back to default profiles: default
2020-04-06 11:25:50.595  WARN 48196 --- [restartedMain] o.m.s.mapper.ClassPathMapperScanner      : No MyBatis mapper was found in '[com.kakao.assignment]' package. Please check your configuration.
2020-04-06 11:25:50.650  INFO 48196 --- [restartedMain] o.s.b.w.embedded.tomcat.TomcatWebServer  : Tomcat initialized with port(s): 8000 (http)
2020-04-06 11:25:50.651  INFO 48196 --- [restartedMain] o.apache.catalina.core.StandardService   : Starting service [Tomcat]
2020-04-06 11:25:50.651  INFO 48196 --- [restartedMain] org.apache.catalina.core.StandardEngine  : Starting Servlet engine: [Apache Tomcat/9.0.33]
2020-04-06 11:25:50.697  INFO 48196 --- [restartedMain] org.apache.jasper.servlet.TldScanner     : At least one JAR was scanned for TLDs yet contained no TLDs. Enable debug logging for this logger for a complete list of JARs that were scanned but no TLDs were found in them. Skipping unneeded JARs during scanning can improve startup time and JSP compilation time.
2020-04-06 11:25:50.698  INFO 48196 --- [restartedMain] o.a.c.c.C.[Tomcat].[localhost].[/]       : Initializing Spring embedded WebApplicationContext
2020-04-06 11:25:50.698  INFO 48196 --- [restartedMain] o.s.web.context.ContextLoader            : Root WebApplicationContext: initialization completed in 283 ms
2020-04-06 11:25:50.803  INFO 48196 --- [restartedMain] o.s.s.concurrent.ThreadPoolTaskExecutor  : Initializing ExecutorService 'applicationTaskExecutor'
2020-04-06 11:25:50.823  INFO 48196 --- [restartedMain] o.s.b.a.w.s.WelcomePageHandlerMapping    : Adding welcome page template: index
2020-04-06 11:25:50.877  INFO 48196 --- [restartedMain] o.s.b.d.a.OptionalLiveReloadServer       : LiveReload server is running on port 35729
2020-04-06 11:25:50.899  INFO 48196 --- [restartedMain] o.s.b.w.embedded.tomcat.TomcatWebServer  : Tomcat started on port(s): 8000 (http) with context path ''
2020-04-06 11:25:50.910  INFO 48196 --- [restartedMain] com.kakao.assignment.YoungkiApplication  : Started YoungkiApplication in 0.514 seconds (JVM running for 1143.565)
2020-04-06 11:25:50.913  INFO 48196 --- [restartedMain] .ConditionEvaluationDeltaLoggingListener : Condition evaluation unchanged
2020-04-06 11:29:04.968  INFO 48196 --- [Thread-36] o.s.s.concurrent.ThreadPoolTaskExecutor  : Shutting down ExecutorService 'applicationTaskExecutor'
2020-04-06 11:29:05.176  INFO 48196 --- [restartedMain] com.kakao.assignment.YoungkiApplication  : Starting YoungkiApplication on youngkiui-MacBookAir.local with PID 48196 (/Users/youngkibae/eclipse-workspace/youngki/target/classes started by youngkibae in /Users/youngkibae/eclipse-workspace/youngki)
2020-04-06 11:29:05.177  INFO 48196 --- [restartedMain] com.kakao.assignment.YoungkiApplication  : No active profile set, falling back to default profiles: default
2020-04-06 11:29:05.375  WARN 48196 --- [restartedMain] o.m.s.mapper.ClassPathMapperScanner      : No MyBatis mapper was found in '[com.kakao.assignment]' package. Please check your configuration.
2020-04-06 11:29:05.437  INFO 48196 --- [restartedMain] o.s.b.w.embedded.tomcat.TomcatWebServer  : Tomcat initialized with port(s): 8000 (http)
2020-04-06 11:29:05.438  INFO 48196 --- [restartedMain] o.apache.catalina.core.StandardService   : Starting service [Tomcat]
2020-04-06 11:29:05.438  INFO 48196 --- [restartedMain] org.apache.catalina.core.StandardEngine  : Starting Servlet engine: [Apache Tomcat/9.0.33]
2020-04-06 11:29:05.492  INFO 48196 --- [restartedMain] org.apache.jasper.servlet.TldScanner     : At least one JAR was scanned for TLDs yet contained no TLDs. Enable debug logging for this logger for a complete list of JARs that were scanned but no TLDs were found in them. Skipping unneeded JARs during scanning can improve startup time and JSP compilation time.
2020-04-06 11:29:05.495  INFO 48196 --- [restartedMain] o.a.c.c.C.[Tomcat].[localhost].[/]       : Initializing Spring embedded WebApplicationContext
2020-04-06 11:29:05.495  INFO 48196 --- [restartedMain] o.s.web.context.ContextLoader            : Root WebApplicationContext: initialization completed in 314 ms
2020-04-06 11:29:05.614  INFO 48196 --- [restartedMain] o.s.s.concurrent.ThreadPoolTaskExecutor  : Initializing ExecutorService 'applicationTaskExecutor'
2020-04-06 11:29:05.634  INFO 48196 --- [restartedMain] o.s.b.a.w.s.WelcomePageHandlerMapping    : Adding welcome page template: index
2020-04-06 11:29:05.680  INFO 48196 --- [restartedMain] o.s.b.d.a.OptionalLiveReloadServer       : LiveReload server is running on port 35729
2020-04-06 11:29:05.697  INFO 48196 --- [restartedMain] o.s.b.w.embedded.tomcat.TomcatWebServer  : Tomcat started on port(s): 8000 (http) with context path ''
2020-04-06 11:29:05.698  INFO 48196 --- [restartedMain] com.kakao.assignment.YoungkiApplication  : Started YoungkiApplication in 0.549 seconds (JVM running for 1338.34)
2020-04-06 11:29:05.701  INFO 48196 --- [restartedMain] .ConditionEvaluationDeltaLoggingListener : Condition evaluation unchanged
2020-04-06 11:39:14.044  INFO 48196 --- [Thread-43] o.s.s.concurrent.ThreadPoolTaskExecutor  : Shutting down ExecutorService 'applicationTaskExecutor'
2020-04-06 11:39:14.420  INFO 48196 --- [restartedMain] com.kakao.assignment.YoungkiApplication  : Starting YoungkiApplication on youngkiui-MacBookAir.local with PID 48196 (/Users/youngkibae/eclipse-workspace/youngki/target/classes started by youngkibae in /Users/youngkibae/eclipse-workspace/youngki)
2020-04-06 11:39:14.421  INFO 48196 --- [restartedMain] com.kakao.assignment.YoungkiApplication  : No active profile set, falling back to default profiles: default
2020-04-06 11:39:14.692  WARN 48196 --- [restartedMain] o.m.s.mapper.ClassPathMapperScanner      : No MyBatis mapper was found in '[com.kakao.assignment]' package. Please check your configuration.
2020-04-06 11:39:14.764  INFO 48196 --- [restartedMain] o.s.b.w.embedded.tomcat.TomcatWebServer  : Tomcat initialized with port(s): 8000 (http)
2020-04-06 11:39:14.765  INFO 48196 --- [restartedMain] o.apache.catalina.core.StandardService   : Starting service [Tomcat]
2020-04-06 11:39:14.765  INFO 48196 --- [restartedMain] org.apache.catalina.core.StandardEngine  : Starting Servlet engine: [Apache Tomcat/9.0.33]
2020-04-06 11:39:14.834  INFO 48196 --- [restartedMain] org.apache.jasper.servlet.TldScanner     : At least one JAR was scanned for TLDs yet contained no TLDs. Enable debug logging for this logger for a complete list of JARs that were scanned but no TLDs were found in them. Skipping unneeded JARs during scanning can improve startup time and JSP compilation time.
2020-04-06 11:39:14.837  INFO 48196 --- [restartedMain] o.a.c.c.C.[Tomcat].[localhost].[/]       : Initializing Spring embedded WebApplicationContext
2020-04-06 11:39:14.838  INFO 48196 --- [restartedMain] o.s.web.context.ContextLoader            : Root WebApplicationContext: initialization completed in 414 ms
2020-04-06 11:39:15.026  INFO 48196 --- [restartedMain] o.s.s.concurrent.ThreadPoolTaskExecutor  : Initializing ExecutorService 'applicationTaskExecutor'
2020-04-06 11:39:15.043  INFO 48196 --- [restartedMain] o.s.b.a.w.s.WelcomePageHandlerMapping    : Adding welcome page template: index
2020-04-06 11:39:15.091  INFO 48196 --- [restartedMain] o.s.b.d.a.OptionalLiveReloadServer       : LiveReload server is running on port 35729
2020-04-06 11:39:15.109  INFO 48196 --- [restartedMain] o.s.b.w.embedded.tomcat.TomcatWebServer  : Tomcat started on port(s): 8000 (http) with context path ''
2020-04-06 11:39:15.110  INFO 48196 --- [restartedMain] com.kakao.assignment.YoungkiApplication  : Started YoungkiApplication in 0.735 seconds (JVM running for 1947.727)
2020-04-06 11:39:15.116  INFO 48196 --- [restartedMain] .ConditionEvaluationDeltaLoggingListener : Condition evaluation unchanged
2020-04-06 11:40:19.668  INFO 48196 --- [http-nio-8000-exec-1] o.a.c.c.C.[Tomcat].[localhost].[/]       : Initializing Spring DispatcherServlet 'dispatcherServlet'
2020-04-06 11:40:19.675  INFO 48196 --- [http-nio-8000-exec-1] o.s.web.servlet.DispatcherServlet        : Initializing Servlet 'dispatcherServlet'
2020-04-06 11:40:19.682  INFO 48196 --- [http-nio-8000-exec-1] o.s.web.servlet.DispatcherServlet        : Completed initialization in 7 ms
2020-04-06 11:40:24.824  INFO 48196 --- [http-nio-8000-exec-3] com.kakao.assignment.dao.KakaoDAO        : selectKakaoUser
2020-04-06 11:40:24.825  INFO 48196 --- [http-nio-8000-exec-3] com.zaxxer.hikari.HikariDataSource       : HikariPool-3 - Starting...
2020-04-06 11:40:24.846  INFO 48196 --- [http-nio-8000-exec-3] com.zaxxer.hikari.HikariDataSource       : HikariPool-3 - Start completed.
2020-04-06 11:40:24.859  INFO 48196 --- [http-nio-8000-exec-3] com.kakao.assignment.dao.KakaoDAO        : updateKakaoUser
2020-04-06 11:41:12.499  INFO 48196 --- [Thread-50] o.s.s.concurrent.ThreadPoolTaskExecutor  : Shutting down ExecutorService 'applicationTaskExecutor'
2020-04-06 11:41:12.499  INFO 48196 --- [Thread-50] com.zaxxer.hikari.HikariDataSource       : HikariPool-3 - Shutdown initiated...
2020-04-06 11:41:12.508  INFO 48196 --- [Thread-50] com.zaxxer.hikari.HikariDataSource       : HikariPool-3 - Shutdown completed.
